[INFO]: 2023-04-25 12:04:32 - start server
[INFO]: 2023-04-25 12:14:36 - Start scrapt article
[INFO]: 2023-04-25 12:14:39 - Search URL:  https://www.google.com/search?tbm=nws&q=tin+tuc+bong+da
[INFO]: 2023-04-25 12:14:40 - Tin tức bóng đá : crawl ended
[INFO]: 2023-04-25 12:14:40 - Finish scrapt article
[INFO]: 2023-04-25 12:24:36 - Start scrapt article
[INFO]: 2023-04-25 12:24:39 - Search URL:  https://www.google.com/search?tbm=nws&q=tin+tuc+bong+da
[INFO]: 2023-04-25 12:24:40 - Tin tức bóng đá : crawl ended
[INFO]: 2023-04-25 12:24:40 - Finish scrapt article
[INFO]: 2023-04-25 12:34:36 - Start scrapt article
[INFO]: 2023-04-25 12:34:39 - Search URL:  https://www.google.com/search?tbm=nws&q=tin+tuc+bong+da
[INFO]: 2023-04-25 12:34:40 - Tin tức bóng đá : crawl ended
[INFO]: 2023-04-25 12:34:40 - Finish scrapt article
[INFO]: 2023-04-25 12:44:36 - Start scrapt article
[INFO]: 2023-04-25 12:44:39 - Search URL:  https://www.google.com/search?tbm=nws&q=tin+tuc+bong+da
[INFO]: 2023-04-25 12:44:40 - Tin tức bóng đá : crawl ended
[INFO]: 2023-04-25 12:44:40 - Finish scrapt article
[INFO]: 2023-04-25 12:54:36 - Start scrapt article
[INFO]: 2023-04-25 12:54:39 - Search URL:  https://www.google.com/search?tbm=nws&q=tin+tuc+bong+da
[INFO]: 2023-04-25 12:54:40 - Tin tức bóng đá : crawl ended
[INFO]: 2023-04-25 12:54:40 - Finish scrapt article
[INFO]: 2023-04-25 13:04:36 - Start scrapt article
[INFO]: 2023-04-25 13:04:39 - Search URL:  https://www.google.com/search?tbm=nws&q=tin+tuc+bong+da
[INFO]: 2023-04-25 13:04:40 - Tin tức bóng đá : crawl ended
[INFO]: 2023-04-25 13:04:40 - Finish scrapt article
[INFO]: 2023-04-25 13:14:36 - Start scrapt article
[INFO]: 2023-04-25 13:14:39 - Search URL:  https://www.google.com/search?tbm=nws&q=tin+tuc+bong+da
[INFO]: 2023-04-25 13:14:40 - Tin tức bóng đá : crawl ended
[INFO]: 2023-04-25 13:14:40 - Finish scrapt article
[INFO]: 2023-04-25 13:24:36 - Start scrapt article
[INFO]: 2023-04-25 13:24:39 - Search URL:  https://www.google.com/search?tbm=nws&q=tin+tuc+bong+da
[INFO]: 2023-04-25 13:24:41 - Tin tức bóng đá : crawl ended
[INFO]: 2023-04-25 13:24:41 - Finish scrapt article
[INFO]: 2023-04-25 13:34:36 - Start scrapt article
[INFO]: 2023-04-25 13:34:39 - Search URL:  https://www.google.com/search?tbm=nws&q=tin+tuc+bong+da
[INFO]: 2023-04-25 13:34:40 - Tin tức bóng đá : crawl ended
[INFO]: 2023-04-25 13:34:40 - Finish scrapt article
[INFO]: 2023-04-25 13:44:36 - Start scrapt article
[INFO]: 2023-04-25 13:44:39 - Search URL:  https://www.google.com/search?tbm=nws&q=tin+tuc+bong+da
[INFO]: 2023-04-25 13:44:40 - Tin tức bóng đá : crawl ended
[INFO]: 2023-04-25 13:44:40 - Finish scrapt article
[INFO]: 2023-04-25 13:54:36 - Start scrapt article
[INFO]: 2023-04-25 13:54:39 - Search URL:  https://www.google.com/search?tbm=nws&q=tin+tuc+bong+da
[INFO]: 2023-04-25 13:54:40 - Tin tức bóng đá : crawl ended
[INFO]: 2023-04-25 13:54:40 - Finish scrapt article
[INFO]: 2023-04-25 14:04:36 - Start scrapt article
[INFO]: 2023-04-25 14:04:39 - Search URL:  https://www.google.com/search?tbm=nws&q=tin+tuc+bong+da
[INFO]: 2023-04-25 14:04:40 - Tin tức bóng đá : crawl ended
[INFO]: 2023-04-25 14:04:40 - Finish scrapt article
[INFO]: 2023-04-25 14:14:36 - Start scrapt article
[INFO]: 2023-04-25 14:14:39 - Search URL:  https://www.google.com/search?tbm=nws&q=tin+tuc+bong+da
[INFO]: 2023-04-25 14:14:40 - Tin tức bóng đá : crawl ended
[INFO]: 2023-04-25 14:14:40 - Finish scrapt article
[INFO]: 2023-04-25 14:24:36 - Start scrapt article
[INFO]: 2023-04-25 14:24:39 - Search URL:  https://www.google.com/search?tbm=nws&q=tin+tuc+bong+da
[INFO]: 2023-04-25 14:24:40 - Tin tức bóng đá : crawl ended
[INFO]: 2023-04-25 14:24:40 - Finish scrapt article
[INFO]: 2023-04-25 14:34:36 - Start scrapt article
[INFO]: 2023-04-25 14:34:39 - Search URL:  https://www.google.com/search?tbm=nws&q=tin+tuc+bong+da
[INFO]: 2023-04-25 14:34:40 - Tin tức bóng đá : crawl ended
[INFO]: 2023-04-25 14:34:40 - Finish scrapt article
[INFO]: 2023-04-25 14:44:36 - Start scrapt article
[INFO]: 2023-04-25 14:44:39 - Search URL:  https://www.google.com/search?tbm=nws&q=tin+tuc+bong+da
[INFO]: 2023-04-25 14:44:40 - Tin tức bóng đá : crawl ended
[INFO]: 2023-04-25 14:44:40 - Finish scrapt article
[INFO]: 2023-04-25 17:48:56 - start server
[INFO]: 2023-04-26 09:31:49 - start server
